<?xml version="1.0" encoding="UTF-8"?>
<!-- Generated by org.testng.reporters.JUnitXMLReporter -->
<testsuite ignored="0" hostname="DESKTOP-BAGVGUI" failures="0" tests="3" name="chrometest" time="48.863" errors="0" timestamp="2024-09-07T15:37:44 EDT">
  <testcase classname="testCases.TC001_AccountRegistrationTest" name="verify_account_registration" time="5.064"/>
  <testcase classname="testCases.TC002_LoginTest" name="verify_login" time="3.15"/>
  <testcase classname="testCases.TC004_SearchProductTest" name="verify_pruductSearch" time="1.548"/>
</testsuite> <!-- chrometest -->
