<?xml version="1.0" encoding="UTF-8"?>
<!-- Generated by org.testng.reporters.JUnitXMLReporter -->
<testsuite ignored="0" hostname="DESKTOP-BAGVGUI" failures="0" tests="4" name="edgetest" time="45.708" errors="0" timestamp="2024-09-07T15:37:43 EDT">
  <testcase classname="testCases.TC001_AccountRegistrationTest" name="verify_account_registration" time="6.271"/>
  <testcase classname="testCases.TC002_LoginTest" name="verify_login" time="2.98"/>
  <testcase classname="testCases.TC004_SearchProductTest" name="verify_pruductSearch" time="1.316"/>
  <testcase classname="testCases.TC005_AddToCartPageTest" name="verify_addToCart" time="3.831"/>
</testsuite> <!-- edgetest -->
