<?xml version="1.0" encoding="UTF-8"?>
<!-- Generated by org.testng.reporters.JUnitXMLReporter -->
<testsuite ignored="0" hostname="DESKTOP-BAGVGUI" failures="0" tests="3" name="firefoxtest" time="81.363" errors="0" timestamp="2024-09-07T15:38:17 EDT">
  <testcase classname="testCases.TC001_AccountRegistrationTest" name="verify_account_registration" time="3.249"/>
  <testcase classname="testCases.TC002_LoginTest" name="verify_login" time="2.355"/>
  <testcase classname="testCases.TC004_SearchProductTest" name="verify_pruductSearch" time="1.309"/>
</testsuite> <!-- firefoxtest -->
