<?xml version="1.0" encoding="UTF-8"?>
<testsuite xmlns:xsi="http://www.w3.org/2001/XMLSchema-instance" xsi:noNamespaceSchemaLocation="https://maven.apache.org/surefire/maven-surefire-plugin/xsd/surefire-test-report-3.0.xsd" version="3.0" name="TestSuite" time="15.637" tests="2" errors="0" skipped="0" failures="0">
  <properties>
[...]
</properties>
  <testcase name="verify_account_registration" classname="testCases.TC001_AcoountRegisterationTest" time="2.95">
    <system-out><![CDATA[20:19:49.365 [main] DEBUG org.testng.TestNG - suiteXmlPath: "C:\Workspace\19_05_2024\OpencartV121\master.xml"
20:19:54.022 [main] INFO  testCases.TC001_AcoountRegisterationTest - ***** Starting TC001_AccountRegistrationTest *****
20:19:54.125 [main] INFO  testCases.TC001_AcoountRegisterationTest - Clicked on MyAccount Link
20:19:54.876 [main] INFO  testCases.TC001_AcoountRegisterationTest - Clicked on Register Link
20:19:54.877 [main] INFO  testCases.TC001_AcoountRegisterationTest - Providing Customer details... 
20:19:56.916 [main] INFO  testCases.TC001_AcoountRegisterationTest - Validating Expected Message... 
20:19:56.954 [main] INFO  testCases.TC001_AcoountRegisterationTest - ***** Finished TC001_AccountRegistrationTest *****
]]></system-out>
  </testcase>
  <testcase name="verify_login" classname="testCases.TC002_LoginTest" time="2.469">
    <system-out><![CDATA[20:20:00.651 [main] INFO  testCases.TC002_LoginTest - ***** Starting TC002_LoginTest *****
20:20:00.652 [main] INFO  testCases.TC002_LoginTest - Clicking on Home Page
20:20:01.158 [main] INFO  testCases.TC002_LoginTest - Clicking on Login Page
20:20:01.161 [main] INFO  testCases.TC002_LoginTest - Entering Email
20:20:01.366 [main] INFO  testCases.TC002_LoginTest - Entering Password
20:20:01.457 [main] INFO  testCases.TC002_LoginTest - Clicking on Login Button
20:20:03.077 [main] DEBUG testCases.TC002_LoginTest - Checking if My Account is Displayed
20:20:03.119 [main] INFO  testCases.TC002_LoginTest - ***** Finished TC002_LoginTest *****
]]></system-out>
  </testcase>
</testsuite>