<?xml version="1.0" encoding="UTF-8"?>
<testng-results ignored="0" total="2" passed="2" failed="0" skipped="0">
  <reporter-output>
  </reporter-output>
  <suite started-at="2024-08-30T20:19:49 EDT" name="Master Suite" finished-at="2024-08-30T20:20:03 EDT" duration-ms="13718">
    <groups>
      <group name="Master">
        <method signature="TC001_AcoountRegisterationTest.verify_account_registration()[pri:0, instance:testCases.TC001_AcoountRegisterationTest@18bc345]" name="verify_account_registration" class="testCases.TC001_AcoountRegisterationTest"/>
        <method signature="TC002_LoginTest.verify_login()[pri:0, instance:testCases.TC002_LoginTest@180da663]" name="verify_login" class="testCases.TC002_LoginTest"/>
      </group> <!-- Master -->
      <group name="Sanity">
        <method signature="TC002_LoginTest.verify_login()[pri:0, instance:testCases.TC002_LoginTest@180da663]" name="verify_login" class="testCases.TC002_LoginTest"/>
      </group> <!-- Sanity -->
      <group name="Regression">
        <method signature="TC001_AcoountRegisterationTest.verify_account_registration()[pri:0, instance:testCases.TC001_AcoountRegisterationTest@18bc345]" name="verify_account_registration" class="testCases.TC001_AcoountRegisterationTest"/>
      </group> <!-- Regression -->
    </groups>
    <test started-at="2024-08-30T20:19:49 EDT" name="Test" finished-at="2024-08-30T20:20:03 EDT" duration-ms="13718">
      <class name="testCases.TC002_LoginTest">
        <test-method is-config="true" signature="setup(java.lang.String,java.lang.String)[pri:0, instance:testCases.TC002_LoginTest@180da663]" started-at="2024-08-30T20:19:57 EDT" name="setup" finished-at="2024-08-30T20:20:00 EDT" duration-ms="3511" status="PASS">
          <params>
            <param index="0">
              <value>
                <![CDATA[Windows]]>
              </value>
            </param>
            <param index="1">
              <value>
                <![CDATA[chrome]]>
              </value>
            </param>
          </params>
          <reporter-output>
          </reporter-output>
        </test-method> <!-- setup -->
        <test-method signature="verify_login()[pri:0, instance:testCases.TC002_LoginTest@180da663]" started-at="2024-08-30T20:20:00 EDT" name="verify_login" finished-at="2024-08-30T20:20:03 EDT" duration-ms="2469" status="PASS">
          <reporter-output>
          </reporter-output>
        </test-method> <!-- verify_login -->
        <test-method is-config="true" signature="tearDown()[pri:0, instance:testCases.TC002_LoginTest@180da663]" started-at="2024-08-30T20:20:03 EDT" name="tearDown" finished-at="2024-08-30T20:20:03 EDT" duration-ms="144" status="PASS">
          <reporter-output>
          </reporter-output>
        </test-method> <!-- tearDown -->
      </class> <!-- testCases.TC002_LoginTest -->
      <class name="testCases.TC001_AcoountRegisterationTest">
        <test-method is-config="true" signature="setup(java.lang.String,java.lang.String)[pri:0, instance:testCases.TC001_AcoountRegisterationTest@18bc345]" started-at="2024-08-30T20:19:49 EDT" name="setup" finished-at="2024-08-30T20:19:54 EDT" duration-ms="4330" status="PASS">
          <params>
            <param index="0">
              <value>
                <![CDATA[Windows]]>
              </value>
            </param>
            <param index="1">
              <value>
                <![CDATA[chrome]]>
              </value>
            </param>
          </params>
          <reporter-output>
          </reporter-output>
        </test-method> <!-- setup -->
        <test-method signature="verify_account_registration()[pri:0, instance:testCases.TC001_AcoountRegisterationTest@18bc345]" started-at="2024-08-30T20:19:54 EDT" name="verify_account_registration" finished-at="2024-08-30T20:19:56 EDT" duration-ms="2941" status="PASS">
          <reporter-output>
          </reporter-output>
        </test-method> <!-- verify_account_registration -->
        <test-method is-config="true" signature="tearDown()[pri:0, instance:testCases.TC001_AcoountRegisterationTest@18bc345]" started-at="2024-08-30T20:19:56 EDT" name="tearDown" finished-at="2024-08-30T20:19:57 EDT" duration-ms="159" status="PASS">
          <reporter-output>
          </reporter-output>
        </test-method> <!-- tearDown -->
      </class> <!-- testCases.TC001_AcoountRegisterationTest -->
    </test> <!-- Test -->
  </suite> <!-- Master Suite -->
</testng-results>
